#
# There is insufficient memory for the Java Runtime Environment to continue.
# Native memory allocation (malloc) failed to allocate 1140496 bytes for Chunk::new
# Possible reasons:
#   The system is out of physical RAM or swap space
#   The process is running with CompressedOops enabled, and the Java Heap may be blocking the growth of the native heap
# Possible solutions:
#   Reduce memory load on the system
#   Increase physical memory or swap space
#   Check if swap backing store is full
#   Decrease Java heap size (-Xmx/-Xms)
#   Decrease number of Java threads
#   Decrease Java thread stack sizes (-Xss)
#   Set larger code cache with -XX:ReservedCodeCacheSize=
#   JVM is running with Unscaled Compressed Oops mode in which the Java heap is
#     placed in the first 4GB address space. The Java Heap base address is the
#     maximum limit for the native heap growth. Please use -XX:HeapBaseMinAddress
#     to set the Java Heap base and to place the Java Heap above 4GB virtual address.
# This output file may be truncated or incomplete.
#
#  Out of Memory Error (arena.cpp:189), pid=67256, tid=55728
#
# JRE version: Java(TM) SE Runtime Environment (17.0.5+9) (build 17.0.5+9-LTS-191)
# Java VM: Java HotSpot(TM) 64-Bit Server VM (17.0.5+9-LTS-191, mixed mode, sharing, tiered, compressed oops, compressed class ptrs, g1 gc, windows-amd64)
# No core dump will be written. Minidumps are not enabled by default on client versions of Windows
#

---------------  S U M M A R Y ------------

Command Line: -XX:+ShowCodeDetailsInExceptionMessages com.project.appointment_schedule_management.AppointmentScheduleManagementApplication

Host: AMD Ryzen 7 5700U with Radeon Graphics         , 16 cores, 5G,  Windows 11 , 64 bit Build 22000 (10.0.22000.1335)
Time: Wed Jan 25 10:10:15 2023 Myanmar Standard Time elapsed time: 187.342179 seconds (0d 0h 3m 7s)

---------------  T H R E A D  ---------------

Current thread (0x0000020fd44a5050):  JavaThread "C2 CompilerThread0" daemon [_thread_in_native, id=55728, stack(0x00000066d6d00000,0x00000066d6e00000)]


Current CompileTask:
C2: 187342 15925       4       org.springframework.core.GenericTypeResolver::resolveType (212 bytes)

Stack: [0x00000066d6d00000,0x00000066d6e00000]
Native frames: (J=compiled Java code, j=interpreted, Vv=VM code, C=native code)
V  [jvm.dll+0x672eea]
V  [jvm.dll+0x7d2a04]
V  [jvm.dll+0x7d41ae]
V  [jvm.dll+0x7d4813]
V  [jvm.dll+0x242c15]
V  [jvm.dll+0xaa57b]
V  [jvm.dll+0xaab0c]
V  [jvm.dll+0x35ff97]
V  [jvm.dll+0x32a631]
V  [jvm.dll+0x329ada]
V  [jvm.dll+0x215cc1]
V  [jvm.dll+0x2150e1]
V  [jvm.dll+0x1a18ed]
V  [jvm.dll+0x22493a]
V  [jvm.dll+0x222aa5]
V  [jvm.dll+0x7885db]
V  [jvm.dll+0x782b4a]
V  [jvm.dll+0x671d75]
C  [ucrtbase.dll+0x26c0c]
C  [KERNEL32.DLL+0x155a0]
C  [ntdll.dll+0x485b]


---------------  P R O C E S S  ---------------

Threads class SMR info:
_java_thread_list=0x0000020fd8d16070, length=31, elements={
0x0000020fd4484ee0, 0x0000020fd44878b0, 0x0000020fd44a2a20, 0x0000020fd44a32e0,
0x0000020fd44a3ba0, 0x0000020fd44a4460, 0x0000020fd44a5050, 0x0000020fd44a5950,
0x0000020fd44ab760, 0x0000020fd51f59d0, 0x0000020fd51faa00, 0x0000020fdb5265d0,
0x0000020fd9d4e800, 0x0000020fd87b1070, 0x0000020fd87b1a10, 0x0000020fd87afd30,
0x0000020fd87b3220, 0x0000020fd87b0ba0, 0x0000020fd87b2d50, 0x0000020fd87b23b0,
0x0000020fd87b06d0, 0x0000020fd87b1540, 0x0000020fd87b1ee0, 0x0000020fdb3eb8a0,
0x0000020fdb3e8d50, 0x0000020fdb3eaa30, 0x0000020fdb3e9220, 0x0000020fdb3ea090,
0x0000020fdb3e6200, 0x0000020fdb3e4ec0, 0x0000020fdb3ea560
}

Java Threads: ( => current thread )
  0x0000020fd4484ee0 JavaThread "Reference Handler" daemon [_thread_blocked, id=67924, stack(0x00000066d6700000,0x00000066d6800000)]
  0x0000020fd44878b0 JavaThread "Finalizer" daemon [_thread_blocked, id=55152, stack(0x00000066d6800000,0x00000066d6900000)]
  0x0000020fd44a2a20 JavaThread "Signal Dispatcher" daemon [_thread_blocked, id=45420, stack(0x00000066d6900000,0x00000066d6a00000)]
  0x0000020fd44a32e0 JavaThread "Attach Listener" daemon [_thread_blocked, id=68440, stack(0x00000066d6a00000,0x00000066d6b00000)]
  0x0000020fd44a3ba0 JavaThread "Service Thread" daemon [_thread_blocked, id=67260, stack(0x00000066d6b00000,0x00000066d6c00000)]
  0x0000020fd44a4460 JavaThread "Monitor Deflation Thread" daemon [_thread_blocked, id=67904, stack(0x00000066d6c00000,0x00000066d6d00000)]
=>0x0000020fd44a5050 JavaThread "C2 CompilerThread0" daemon [_thread_in_native, id=55728, stack(0x00000066d6d00000,0x00000066d6e00000)]
  0x0000020fd44a5950 JavaThread "C1 CompilerThread0" daemon [_thread_blocked, id=71852, stack(0x00000066d6e00000,0x00000066d6f00000)]
  0x0000020fd44ab760 JavaThread "Sweeper thread" daemon [_thread_blocked, id=56844, stack(0x00000066d6f00000,0x00000066d7000000)]
  0x0000020fd51f59d0 JavaThread "Notification Thread" daemon [_thread_blocked, id=66928, stack(0x00000066d7200000,0x00000066d7300000)]
  0x0000020fd51faa00 JavaThread "Common-Cleaner" daemon [_thread_blocked, id=36316, stack(0x00000066d7400000,0x00000066d7500000)]
  0x0000020fdb5265d0 JavaThread "mysql-cj-abandoned-connection-cleanup" daemon [_thread_blocked, id=64580, stack(0x00000066d8800000,0x00000066d8900000)]
  0x0000020fd9d4e800 JavaThread "HikariPool-1 housekeeper" daemon [_thread_blocked, id=72280, stack(0x00000066d8a00000,0x00000066d8b00000)]
  0x0000020fd87b1070 JavaThread "Catalina-utility-1" [_thread_blocked, id=72572, stack(0x00000066d7f00000,0x00000066d8000000)]
  0x0000020fd87b1a10 JavaThread "Catalina-utility-2" [_thread_blocked, id=72648, stack(0x00000066d8c00000,0x00000066d8d00000)]
  0x0000020fd87afd30 JavaThread "container-0" [_thread_blocked, id=50952, stack(0x00000066d8d00000,0x00000066d8e00000)]
  0x0000020fd87b3220 JavaThread "File Watcher" daemon [_thread_blocked, id=72784, stack(0x00000066d8f00000,0x00000066d9000000)]
  0x0000020fd87b0ba0 JavaThread "Live Reload Server" daemon [_thread_in_native, id=72792, stack(0x00000066d9100000,0x00000066d9200000)]
  0x0000020fd87b2d50 JavaThread "http-nio-8081-exec-1" daemon [_thread_blocked, id=72796, stack(0x00000066d9000000,0x00000066d9100000)]
  0x0000020fd87b23b0 JavaThread "http-nio-8081-exec-2" daemon [_thread_blocked, id=72800, stack(0x00000066d9200000,0x00000066d9300000)]
  0x0000020fd87b06d0 JavaThread "http-nio-8081-exec-3" daemon [_thread_blocked, id=72804, stack(0x00000066d9300000,0x00000066d9400000)]
  0x0000020fd87b1540 JavaThread "http-nio-8081-exec-4" daemon [_thread_in_native, id=72808, stack(0x00000066d9400000,0x00000066d9500000)]
  0x0000020fd87b1ee0 JavaThread "http-nio-8081-exec-5" daemon [_thread_blocked, id=72812, stack(0x00000066d9500000,0x00000066d9600000)]
  0x0000020fdb3eb8a0 JavaThread "http-nio-8081-exec-6" daemon [_thread_blocked, id=72816, stack(0x00000066d9600000,0x00000066d9700000)]
  0x0000020fdb3e8d50 JavaThread "http-nio-8081-exec-7" daemon [_thread_blocked, id=72820, stack(0x00000066d9700000,0x00000066d9800000)]
  0x0000020fdb3eaa30 JavaThread "http-nio-8081-exec-8" daemon [_thread_blocked, id=72824, stack(0x00000066d9800000,0x00000066d9900000)]
  0x0000020fdb3e9220 JavaThread "http-nio-8081-exec-9" daemon [_thread_blocked, id=72828, stack(0x00000066d9900000,0x00000066d9a00000)]
  0x0000020fdb3ea090 JavaThread "http-nio-8081-exec-10" daemon [_thread_blocked, id=72832, stack(0x00000066d9a00000,0x00000066d9b00000)]
  0x0000020fdb3e6200 JavaThread "http-nio-8081-Poller" daemon [_thread_in_native, id=72836, stack(0x00000066d9b00000,0x00000066d9c00000)]
  0x0000020fdb3e4ec0 JavaThread "http-nio-8081-Acceptor" daemon [_thread_in_native, id=72840, stack(0x00000066d9c00000,0x00000066d9d00000)]
  0x0000020fdb3ea560 JavaThread "DestroyJavaVM" [_thread_blocked, id=43088, stack(0x00000066d6000000,0x00000066d6100000)]

Other Threads:
  0x0000020fd447f990 VMThread "VM Thread" [stack: 0x00000066d6600000,0x00000066d6700000] [id=820]
  0x0000020fb4f35e80 WatcherThread [stack: 0x00000066d7300000,0x00000066d7400000] [id=64332]
  0x0000020fb4f1c280 GCTaskThread "GC Thread#0" [stack: 0x00000066d6100000,0x00000066d6200000] [id=69036]
  0x0000020fd62bba00 GCTaskThread "GC Thread#1" [stack: 0x00000066d7900000,0x00000066d7a00000] [id=60048]
  0x0000020fd668b850 GCTaskThread "GC Thread#2" [stack: 0x00000066d7a00000,0x00000066d7b00000] [id=23568]
  0x0000020fd61ce5a0 GCTaskThread "GC Thread#3" [stack: 0x00000066d7b00000,0x00000066d7c00000] [id=62140]
  0x0000020fd5afc8e0 GCTaskThread "GC Thread#4" [stack: 0x00000066d7c00000,0x00000066d7d00000] [id=69248]
  0x0000020fd61f0620 GCTaskThread "GC Thread#5" [stack: 0x00000066d7d00000,0x00000066d7e00000] [id=72432]
  0x0000020fd607f9b0 GCTaskThread "GC Thread#6" [stack: 0x00000066d7e00000,0x00000066d7f00000] [id=60676]
  0x0000020fd607eef0 GCTaskThread "GC Thread#7" [stack: 0x00000066d8000000,0x00000066d8100000] [id=60456]
  0x0000020fd607f700 GCTaskThread "GC Thread#8" [stack: 0x00000066d8100000,0x00000066d8200000] [id=65848]
  0x0000020fd6080470 GCTaskThread "GC Thread#9" [stack: 0x00000066d8200000,0x00000066d8300000] [id=57672]
  0x0000020fd6812de0 GCTaskThread "GC Thread#10" [stack: 0x00000066d8300000,0x00000066d8400000] [id=70964]
  0x0000020fd6812070 GCTaskThread "GC Thread#11" [stack: 0x00000066d8400000,0x00000066d8500000] [id=69792]
  0x0000020fd6812320 GCTaskThread "GC Thread#12" [stack: 0x00000066d8500000,0x00000066d8600000] [id=52728]
  0x0000020fb4f28df0 ConcurrentGCThread "G1 Main Marker" [stack: 0x00000066d6200000,0x00000066d6300000] [id=71612]
  0x0000020fb4f2a5c0 ConcurrentGCThread "G1 Conc#0" [stack: 0x00000066d6300000,0x00000066d6400000] [id=67152]
  0x0000020fd6812880 ConcurrentGCThread "G1 Conc#1" [stack: 0x00000066d8600000,0x00000066d8700000] [id=7300]
  0x0000020fd68138a0 ConcurrentGCThread "G1 Conc#2" [stack: 0x00000066d8700000,0x00000066d8800000] [id=69472]
  0x0000020fb4f98020 ConcurrentGCThread "G1 Refine#0" [stack: 0x00000066d6400000,0x00000066d6500000] [id=69820]
  0x0000020fb4f986f0 ConcurrentGCThread "G1 Service" [stack: 0x00000066d6500000,0x00000066d6600000] [id=67240]

Threads with active compile tasks:
C2 CompilerThread0   187382 15925       4       org.springframework.core.GenericTypeResolver::resolveType (212 bytes)

VM state: not at safepoint (normal execution)

VM Mutex/Monitor currently owned by a thread: None

Heap address: 0x00000000a2200000, size: 1502 MB, Compressed Oops mode: 32-bit

CDS archive(s) mapped at: [0x0000000800000000-0x0000000800bd0000-0x0000000800bd0000), size 12386304, SharedBaseAddress: 0x0000000800000000, ArchiveRelocationMode: 0.
Compressed class space mapped at: 0x0000000800c00000-0x0000000840c00000, reserved size: 1073741824
Narrow klass base: 0x0000000800000000, Narrow klass shift: 0, Narrow klass range: 0x100000000

GC Precious Log:
 CPUs: 16 total, 16 available
 Memory: 6005M
 Large Page Support: Disabled
 NUMA Support: Disabled
 Compressed Oops: Enabled (32-bit)
 Heap Region Size: 1M
 Heap Min Capacity: 8M
 Heap Initial Capacity: 94M
 Heap Max Capacity: 1502M
 Pre-touch: Disabled
 Parallel Workers: 13
 Concurrent Workers: 3
 Concurrent Refinement Workers: 13
 Periodic GC: Disabled

Heap:
 garbage-first heap   total 73728K, used 53076K [0x00000000a2200000, 0x0000000100000000)
  region size 1024K, 22 young (22528K), 1 survivors (1024K)
 Metaspace       used 67995K, committed 68480K, reserved 1114112K
  class space    used 8536K, committed 8768K, reserved 1048576K

Heap Regions: E=young(eden), S=young(survivor), O=old, HS=humongous(starts), HC=humongous(continues), CS=collection set, F=free, OA=open archive, CA=closed archive, TAMS=top-at-mark-start (previous, next)
|   0|0x00000000a2200000, 0x00000000a2300000, 0x00000000a2300000|100%|HS|  |TAMS 0x00000000a2300000, 0x00000000a2200000| Complete 
|   1|0x00000000a2300000, 0x00000000a2400000, 0x00000000a2400000|100%| O|  |TAMS 0x00000000a2400000, 0x00000000a2300000| Untracked 
|   2|0x00000000a2400000, 0x00000000a2500000, 0x00000000a2500000|100%| O|  |TAMS 0x00000000a2500000, 0x00000000a2400000| Untracked 
|   3|0x00000000a2500000, 0x00000000a2600000, 0x00000000a2600000|100%| O|  |TAMS 0x00000000a2600000, 0x00000000a2500000| Untracked 
|   4|0x00000000a2600000, 0x00000000a2700000, 0x00000000a2700000|100%| O|  |TAMS 0x00000000a2700000, 0x00000000a2600000| Untracked 
|   5|0x00000000a2700000, 0x00000000a2800000, 0x00000000a2800000|100%| O|  |TAMS 0x00000000a2800000, 0x00000000a2700000| Untracked 
|   6|0x00000000a2800000, 0x00000000a2900000, 0x00000000a2900000|100%| O|  |TAMS 0x00000000a2900000, 0x00000000a2800000| Untracked 
|   7|0x00000000a2900000, 0x00000000a2a00000, 0x00000000a2a00000|100%| O|  |TAMS 0x00000000a2a00000, 0x00000000a2900000| Untracked 
|   8|0x00000000a2a00000, 0x00000000a2b00000, 0x00000000a2b00000|100%| O|  |TAMS 0x00000000a2b00000, 0x00000000a2a00000| Untracked 
|   9|0x00000000a2b00000, 0x00000000a2c00000, 0x00000000a2c00000|100%| O|  |TAMS 0x00000000a2c00000, 0x00000000a2b00000| Untracked 
|  10|0x00000000a2c00000, 0x00000000a2d00000, 0x00000000a2d00000|100%| O|  |TAMS 0x00000000a2d00000, 0x00000000a2c00000| Untracked 
|  11|0x00000000a2d00000, 0x00000000a2e00000, 0x00000000a2e00000|100%| O|  |TAMS 0x00000000a2e00000, 0x00000000a2d00000| Untracked 
|  12|0x00000000a2e00000, 0x00000000a2f00000, 0x00000000a2f00000|100%| O|  |TAMS 0x00000000a2f00000, 0x00000000a2e00000| Untracked 
|  13|0x00000000a2f00000, 0x00000000a3000000, 0x00000000a3000000|100%| O|  |TAMS 0x00000000a3000000, 0x00000000a2f00000| Untracked 
|  14|0x00000000a3000000, 0x00000000a3100000, 0x00000000a3100000|100%| O|  |TAMS 0x00000000a3100000, 0x00000000a3000000| Untracked 
|  15|0x00000000a3100000, 0x00000000a31bc800, 0x00000000a3200000| 73%| O|  |TAMS 0x00000000a31bc800, 0x00000000a3100000| Untracked 
|  16|0x00000000a3200000, 0x00000000a3300000, 0x00000000a3300000|100%| O|  |TAMS 0x00000000a3300000, 0x00000000a3200000| Untracked 
|  17|0x00000000a3300000, 0x00000000a3400000, 0x00000000a3400000|100%| O|  |TAMS 0x00000000a3400000, 0x00000000a3300000| Untracked 
|  18|0x00000000a3400000, 0x00000000a3500000, 0x00000000a3500000|100%| O|  |TAMS 0x00000000a3500000, 0x00000000a3400000| Untracked 
|  19|0x00000000a3500000, 0x00000000a3600000, 0x00000000a3600000|100%| O|  |TAMS 0x00000000a3600000, 0x00000000a3500000| Untracked 
|  20|0x00000000a3600000, 0x00000000a3700000, 0x00000000a3700000|100%| O|  |TAMS 0x00000000a3700000, 0x00000000a3600000| Untracked 
|  21|0x00000000a3700000, 0x00000000a3800000, 0x00000000a3800000|100%| O|  |TAMS 0x00000000a3800000, 0x00000000a3700000| Untracked 
|  22|0x00000000a3800000, 0x00000000a3900000, 0x00000000a3900000|100%| O|  |TAMS 0x00000000a3900000, 0x00000000a3800000| Untracked 
|  23|0x00000000a3900000, 0x00000000a3a00000, 0x00000000a3a00000|100%| O|  |TAMS 0x00000000a3a00000, 0x00000000a3900000| Untracked 
|  24|0x00000000a3a00000, 0x00000000a3b00000, 0x00000000a3b00000|100%| O|  |TAMS 0x00000000a3b00000, 0x00000000a3a00000| Untracked 
|  25|0x00000000a3b00000, 0x00000000a3c00000, 0x00000000a3c00000|100%| O|  |TAMS 0x00000000a3c00000, 0x00000000a3b00000| Untracked 
|  26|0x00000000a3c00000, 0x00000000a3c00000, 0x00000000a3d00000|  0%| F|  |TAMS 0x00000000a3c00000, 0x00000000a3c00000| Untracked 
|  27|0x00000000a3d00000, 0x00000000a3e00000, 0x00000000a3e00000|100%| O|  |TAMS 0x00000000a3e00000, 0x00000000a3d00000| Untracked 
|  28|0x00000000a3e00000, 0x00000000a3f00000, 0x00000000a3f00000|100%| O|  |TAMS 0x00000000a3f00000, 0x00000000a3e00000| Untracked 
|  29|0x00000000a3f00000, 0x00000000a4000000, 0x00000000a4000000|100%| O|  |TAMS 0x00000000a4000000, 0x00000000a3f00000| Untracked 
|  30|0x00000000a4000000, 0x00000000a4100000, 0x00000000a4100000|100%| O|  |TAMS 0x00000000a4100000, 0x00000000a4000000| Untracked 
|  31|0x00000000a4100000, 0x00000000a4200000, 0x00000000a4200000|100%| O|  |TAMS 0x00000000a4200000, 0x00000000a4100000| Untracked 
|  32|0x00000000a4200000, 0x00000000a4300000, 0x00000000a4300000|100%| O|  |TAMS 0x00000000a4300000, 0x00000000a4200000| Untracked 
|  33|0x00000000a4300000, 0x00000000a4300000, 0x00000000a4400000|  0%| F|  |TAMS 0x00000000a4300000, 0x00000000a4300000| Untracked 
|  34|0x00000000a4400000, 0x00000000a4400000, 0x00000000a4500000|  0%| F|  |TAMS 0x00000000a4400000, 0x00000000a4400000| Untracked 
|  35|0x00000000a4500000, 0x00000000a4500000, 0x00000000a4600000|  0%| F|  |TAMS 0x00000000a4500000, 0x00000000a4500000| Untracked 
|  36|0x00000000a4600000, 0x00000000a4600000, 0x00000000a4700000|  0%| F|  |TAMS 0x00000000a4600000, 0x00000000a4600000| Untracked 
|  37|0x00000000a4700000, 0x00000000a4700000, 0x00000000a4800000|  0%| F|  |TAMS 0x00000000a4700000, 0x00000000a4700000| Untracked 
|  38|0x00000000a4800000, 0x00000000a4800000, 0x00000000a4900000|  0%| F|  |TAMS 0x00000000a4800000, 0x00000000a4800000| Untracked 
|  39|0x00000000a4900000, 0x00000000a4900000, 0x00000000a4a00000|  0%| F|  |TAMS 0x00000000a4900000, 0x00000000a4900000| Untracked 
|  40|0x00000000a4a00000, 0x00000000a4a00000, 0x00000000a4b00000|  0%| F|  |TAMS 0x00000000a4a00000, 0x00000000a4a00000| Untracked 
|  41|0x00000000a4b00000, 0x00000000a4b189c0, 0x00000000a4c00000|  9%| S|CS|TAMS 0x00000000a4b00000, 0x00000000a4b00000| Complete 
|  42|0x00000000a4c00000, 0x00000000a4c00000, 0x00000000a4d00000|  0%| F|  |TAMS 0x00000000a4c00000, 0x00000000a4c00000| Untracked 
|  43|0x00000000a4d00000, 0x00000000a4d00000, 0x00000000a4e00000|  0%| F|  |TAMS 0x00000000a4d00000, 0x00000000a4d00000| Untracked 
|  44|0x00000000a4e00000, 0x00000000a4e00000, 0x00000000a4f00000|  0%| F|  |TAMS 0x00000000a4e00000, 0x00000000a4e00000| Untracked 
|  45|0x00000000a4f00000, 0x00000000a4f00000, 0x00000000a5000000|  0%| F|  |TAMS 0x00000000a4f00000, 0x00000000a4f00000| Untracked 
|  46|0x00000000a5000000, 0x00000000a5000000, 0x00000000a5100000|  0%| F|  |TAMS 0x00000000a5000000, 0x00000000a5000000| Untracked 
|  47|0x00000000a5100000, 0x00000000a5100000, 0x00000000a5200000|  0%| F|  |TAMS 0x00000000a5100000, 0x00000000a5100000| Untracked 
|  48|0x00000000a5200000, 0x00000000a5200000, 0x00000000a5300000|  0%| F|  |TAMS 0x00000000a5200000, 0x00000000a5200000| Untracked 
|  49|0x00000000a5300000, 0x00000000a5300000, 0x00000000a5400000|  0%| F|  |TAMS 0x00000000a5300000, 0x00000000a5300000| Untracked 
|  50|0x00000000a5400000, 0x00000000a5400000, 0x00000000a5500000|  0%| F|  |TAMS 0x00000000a5400000, 0x00000000a5400000| Untracked 
|  51|0x00000000a5500000, 0x00000000a55888e8, 0x00000000a5600000| 53%| E|  |TAMS 0x00000000a5500000, 0x00000000a5500000| Complete 
|  52|0x00000000a5600000, 0x00000000a5700000, 0x00000000a5700000|100%| E|CS|TAMS 0x00000000a5600000, 0x00000000a5600000| Complete 
|  53|0x00000000a5700000, 0x00000000a5800000, 0x00000000a5800000|100%| E|CS|TAMS 0x00000000a5700000, 0x00000000a5700000| Complete 
|  54|0x00000000a5800000, 0x00000000a5900000, 0x00000000a5900000|100%| E|CS|TAMS 0x00000000a5800000, 0x00000000a5800000| Complete 
|  55|0x00000000a5900000, 0x00000000a5a00000, 0x00000000a5a00000|100%| E|CS|TAMS 0x00000000a5900000, 0x00000000a5900000| Complete 
|  56|0x00000000a5a00000, 0x00000000a5b00000, 0x00000000a5b00000|100%| E|CS|TAMS 0x00000000a5a00000, 0x00000000a5a00000| Complete 
|  57|0x00000000a5b00000, 0x00000000a5c00000, 0x00000000a5c00000|100%| E|CS|TAMS 0x00000000a5b00000, 0x00000000a5b00000| Complete 
|  58|0x00000000a5c00000, 0x00000000a5d00000, 0x00000000a5d00000|100%| E|CS|TAMS 0x00000000a5c00000, 0x00000000a5c00000| Complete 
|  59|0x00000000a5d00000, 0x00000000a5e00000, 0x00000000a5e00000|100%| E|CS|TAMS 0x00000000a5d00000, 0x00000000a5d00000| Complete 
|  60|0x00000000a5e00000, 0x00000000a5f00000, 0x00000000a5f00000|100%| E|CS|TAMS 0x00000000a5e00000, 0x00000000a5e00000| Complete 
|  61|0x00000000a5f00000, 0x00000000a6000000, 0x00000000a6000000|100%| E|CS|TAMS 0x00000000a5f00000, 0x00000000a5f00000| Complete 
|  62|0x00000000a6000000, 0x00000000a6100000, 0x00000000a6100000|100%| E|CS|TAMS 0x00000000a6000000, 0x00000000a6000000| Complete 
|  63|0x00000000a6100000, 0x00000000a6200000, 0x00000000a6200000|100%| E|CS|TAMS 0x00000000a6100000, 0x00000000a6100000| Complete 
|  64|0x00000000a6200000, 0x00000000a6300000, 0x00000000a6300000|100%| E|CS|TAMS 0x00000000a6200000, 0x00000000a6200000| Complete 
|  65|0x00000000a6300000, 0x00000000a6400000, 0x00000000a6400000|100%| E|CS|TAMS 0x00000000a6300000, 0x00000000a6300000| Complete 
|  67|0x00000000a6500000, 0x00000000a6600000, 0x00000000a6600000|100%| E|CS|TAMS 0x00000000a6500000, 0x00000000a6500000| Complete 
|  68|0x00000000a6600000, 0x00000000a6700000, 0x00000000a6700000|100%| E|CS|TAMS 0x00000000a6600000, 0x00000000a6600000| Complete 
|  69|0x00000000a6700000, 0x00000000a6800000, 0x00000000a6800000|100%| E|CS|TAMS 0x00000000a6700000, 0x00000000a6700000| Complete 
|  70|0x00000000a6800000, 0x00000000a6900000, 0x00000000a6900000|100%| E|CS|TAMS 0x00000000a6800000, 0x00000000a6800000| Complete 
|  71|0x00000000a6900000, 0x00000000a6a00000, 0x00000000a6a00000|100%| E|CS|TAMS 0x00000000a6900000, 0x00000000a6900000| Complete 
|  93|0x00000000a7f00000, 0x00000000a8000000, 0x00000000a8000000|100%| E|CS|TAMS 0x00000000a7f00000, 0x00000000a7f00000| Complete 

Card table byte_map: [0x0000020fce1d0000,0x0000020fce4c0000] _byte_map_base: 0x0000020fcdcbf000

Marking Bits (Prev, Next): (CMBitMap*) 0x0000020fb4f1c7e0, (CMBitMap*) 0x0000020fb4f1c7a0
 Prev Bits: [0x0000020fcff30000, 0x0000020fd16a8000)
 Next Bits: [0x0000020fce7b0000, 0x0000020fcff28000)

Polling page: 0x0000020fb4fa0000

Metaspace:

Usage:
  Non-class:     58.07 MB used.
      Class:      8.34 MB used.
       Both:     66.40 MB used.

Virtual space:
  Non-class space:       64.00 MB reserved,      58.31 MB ( 91%) committed,  8 nodes.
      Class space:        1.00 GB reserved,       8.56 MB ( <1%) committed,  1 nodes.
             Both:        1.06 GB reserved,      66.88 MB (  6%) committed. 

Chunk freelists:
   Non-Class:  1.61 MB
       Class:  3.28 MB
        Both:  4.89 MB

MaxMetaspaceSize: unlimited
CompressedClassSpaceSize: 1.00 GB
Initial GC threshold: 21.00 MB
Current GC threshold: 111.38 MB
CDS: on
MetaspaceReclaimPolicy: balanced
 - commit_granule_bytes: 65536.
 - commit_granule_words: 8192.
 - virtual_space_node_default_size: 1048576.
 - enlarge_chunks_in_place: 1.
 - new_chunks_are_fully_committed: 0.
 - uncommit_free_chunks: 1.
 - use_allocation_guard: 0.
 - handle_deallocations: 1.


Internal statistics:

num_allocs_failed_limit: 9.
num_arena_births: 552.
num_arena_deaths: 0.
num_vsnodes_births: 9.
num_vsnodes_deaths: 0.
num_space_committed: 1070.
num_space_uncommitted: 0.
num_chunks_returned_to_freelist: 9.
num_chunks_taken_from_freelist: 3085.
num_chunk_merges: 9.
num_chunk_splits: 2189.
num_chunks_enlarged: 1707.
num_purges: 0.
num_inconsistent_stats: 0.

CodeHeap 'non-profiled nmethods': size=119168Kb used=12482Kb max_used=12482Kb free=106685Kb
 bounds [0x0000020fc5ac0000, 0x0000020fc6700000, 0x0000020fccf20000]
CodeHeap 'profiled nmethods': size=119104Kb used=22071Kb max_used=24567Kb free=97032Kb
 bounds [0x0000020fbe670000, 0x0000020fbfeb0000, 0x0000020fc5ac0000]
CodeHeap 'non-nmethods': size=7488Kb used=1324Kb max_used=3085Kb free=6163Kb
 bounds [0x0000020fbdf20000, 0x0000020fbe230000, 0x0000020fbe670000]
 total_blobs=12592 nmethods=11943 adapters=560
 compilation: enabled
              stopped_count=0, restarted_count=0
 full_count=0

Compilation events (20 events):
Event: 186.469 Thread 0x0000020fd44a5050 nmethod 15915 0x0000020fc66ef010 code [0x0000020fc66ef1c0, 0x0000020fc66efbf8]
Event: 186.556 Thread 0x0000020fd44a5950 15916   !   3       org.springframework.core.CollectionFactory::createCollection (220 bytes)
Event: 186.560 Thread 0x0000020fd44a5950 nmethod 15916 0x0000020fbf802910 code [0x0000020fbf802e20, 0x0000020fbf8050a8]
Event: 186.616 Thread 0x0000020fd44a5950 15917       3       org.springframework.data.repository.query.ParametersParameterAccessor::getSort (62 bytes)
Event: 186.618 Thread 0x0000020fd44a5950 nmethod 15917 0x0000020fbf46c210 code [0x0000020fbf46c420, 0x0000020fbf46cc68]
Event: 186.783 Thread 0x0000020fd44a5950 15918   !   3       org.hibernate.internal.SessionFactoryImpl::resolveParameterBindType (108 bytes)
Event: 186.787 Thread 0x0000020fd44a5950 nmethod 15918 0x0000020fbfb37a10 code [0x0000020fbfb37d60, 0x0000020fbfb39128]
Event: 186.855 Thread 0x0000020fd44a5950 15919       3       java.time.LocalDate::ofInstant (52 bytes)
Event: 186.858 Thread 0x0000020fd44a5950 nmethod 15919 0x0000020fbfab5810 code [0x0000020fbfab5a40, 0x0000020fbfab6018]
Event: 186.858 Thread 0x0000020fd44a5950 15920   !   3       jdk.proxy4.$Proxy122::searchbyUserId (39 bytes)
Event: 186.859 Thread 0x0000020fd44a5950 nmethod 15920 0x0000020fbef6d490 code [0x0000020fbef6d6a0, 0x0000020fbef6df58]
Event: 186.919 Thread 0x0000020fd44a5050 15921       4       java.util.HashSet::<init> (40 bytes)
Event: 186.925 Thread 0x0000020fd44a5050 nmethod 15921 0x0000020fc66f0310 code [0x0000020fc66f04e0, 0x0000020fc66f0808]
Event: 186.992 Thread 0x0000020fd44a5950 15922       3       java.util.HashMap$Values::toArray (16 bytes)
Event: 186.993 Thread 0x0000020fd44a5950 nmethod 15922 0x0000020fbf366f90 code [0x0000020fbf367140, 0x0000020fbf367358]
Event: 186.993 Thread 0x0000020fd44a5950 15923       3       org.apache.catalina.util.LifecycleBase::fireLifecycleEvent (56 bytes)
Event: 186.994 Thread 0x0000020fd44a5950 nmethod 15923 0x0000020fbfde2010 code [0x0000020fbfde2220, 0x0000020fbfde2ab8]
Event: 186.994 Thread 0x0000020fd44a5950 15924       3       org.apache.catalina.LifecycleEvent::<init> (16 bytes)
Event: 186.994 Thread 0x0000020fd44a5950 nmethod 15924 0x0000020fbfa87e10 code [0x0000020fbfa87fe0, 0x0000020fbfa883c8]
Event: 187.228 Thread 0x0000020fd44a5050 15925       4       org.springframework.core.GenericTypeResolver::resolveType (212 bytes)

GC Heap History (20 events):
Event: 179.614 GC heap before
{Heap before GC invocations=131 (full 0):
 garbage-first heap   total 73728K, used 63548K [0x00000000a2200000, 0x0000000100000000)
  region size 1024K, 31 young (31744K), 1 survivors (1024K)
 Metaspace       used 67992K, committed 68480K, reserved 1114112K
  class space    used 8534K, committed 8768K, reserved 1048576K
}
Event: 179.616 GC heap after
{Heap after GC invocations=132 (full 0):
 garbage-first heap   total 73728K, used 32883K [0x00000000a2200000, 0x0000000100000000)
  region size 1024K, 1 young (1024K), 1 survivors (1024K)
 Metaspace       used 67992K, committed 68480K, reserved 1114112K
  class space    used 8534K, committed 8768K, reserved 1048576K
}
Event: 180.399 GC heap before
{Heap before GC invocations=132 (full 0):
 garbage-first heap   total 73728K, used 62579K [0x00000000a2200000, 0x0000000100000000)
  region size 1024K, 30 young (30720K), 1 survivors (1024K)
 Metaspace       used 67992K, committed 68480K, reserved 1114112K
  class space    used 8534K, committed 8768K, reserved 1048576K
}
Event: 180.400 GC heap after
{Heap after GC invocations=133 (full 0):
 garbage-first heap   total 73728K, used 32817K [0x00000000a2200000, 0x0000000100000000)
  region size 1024K, 1 young (1024K), 1 survivors (1024K)
 Metaspace       used 67992K, committed 68480K, reserved 1114112K
  class space    used 8534K, committed 8768K, reserved 1048576K
}
Event: 181.170 GC heap before
{Heap before GC invocations=134 (full 0):
 garbage-first heap   total 73728K, used 62513K [0x00000000a2200000, 0x0000000100000000)
  region size 1024K, 30 young (30720K), 1 survivors (1024K)
 Metaspace       used 67992K, committed 68480K, reserved 1114112K
  class space    used 8535K, committed 8768K, reserved 1048576K
}
Event: 181.172 GC heap after
{Heap after GC invocations=135 (full 0):
 garbage-first heap   total 73728K, used 32822K [0x00000000a2200000, 0x0000000100000000)
  region size 1024K, 1 young (1024K), 1 survivors (1024K)
 Metaspace       used 67992K, committed 68480K, reserved 1114112K
  class space    used 8535K, committed 8768K, reserved 1048576K
}
Event: 181.207 GC heap before
{Heap before GC invocations=135 (full 0):
 garbage-first heap   total 73728K, used 34870K [0x00000000a2200000, 0x0000000100000000)
  region size 1024K, 3 young (3072K), 1 survivors (1024K)
 Metaspace       used 67992K, committed 68480K, reserved 1114112K
  class space    used 8535K, committed 8768K, reserved 1048576K
}
Event: 181.216 GC heap after
{Heap after GC invocations=136 (full 0):
 garbage-first heap   total 73728K, used 32660K [0x00000000a2200000, 0x0000000100000000)
  region size 1024K, 1 young (1024K), 1 survivors (1024K)
 Metaspace       used 67992K, committed 68480K, reserved 1114112K
  class space    used 8535K, committed 8768K, reserved 1048576K
}
Event: 181.971 GC heap before
{Heap before GC invocations=136 (full 0):
 garbage-first heap   total 73728K, used 63380K [0x00000000a2200000, 0x0000000100000000)
  region size 1024K, 31 young (31744K), 1 survivors (1024K)
 Metaspace       used 67992K, committed 68480K, reserved 1114112K
  class space    used 8535K, committed 8768K, reserved 1048576K
}
Event: 181.972 GC heap after
{Heap after GC invocations=137 (full 0):
 garbage-first heap   total 73728K, used 32602K [0x00000000a2200000, 0x0000000100000000)
  region size 1024K, 1 young (1024K), 1 survivors (1024K)
 Metaspace       used 67992K, committed 68480K, reserved 1114112K
  class space    used 8535K, committed 8768K, reserved 1048576K
}
Event: 182.827 GC heap before
{Heap before GC invocations=137 (full 0):
 garbage-first heap   total 73728K, used 63322K [0x00000000a2200000, 0x0000000100000000)
  region size 1024K, 31 young (31744K), 1 survivors (1024K)
 Metaspace       used 67994K, committed 68480K, reserved 1114112K
  class space    used 8536K, committed 8768K, reserved 1048576K
}
Event: 182.828 GC heap after
{Heap after GC invocations=138 (full 0):
 garbage-first heap   total 73728K, used 32603K [0x00000000a2200000, 0x0000000100000000)
  region size 1024K, 1 young (1024K), 1 survivors (1024K)
 Metaspace       used 67994K, committed 68480K, reserved 1114112K
  class space    used 8536K, committed 8768K, reserved 1048576K
}
Event: 183.677 GC heap before
{Heap before GC invocations=138 (full 0):
 garbage-first heap   total 73728K, used 63323K [0x00000000a2200000, 0x0000000100000000)
  region size 1024K, 31 young (31744K), 1 survivors (1024K)
 Metaspace       used 67994K, committed 68480K, reserved 1114112K
  class space    used 8536K, committed 8768K, reserved 1048576K
}
Event: 183.679 GC heap after
{Heap after GC invocations=139 (full 0):
 garbage-first heap   total 73728K, used 32703K [0x00000000a2200000, 0x0000000100000000)
  region size 1024K, 1 young (1024K), 1 survivors (1024K)
 Metaspace       used 67994K, committed 68480K, reserved 1114112K
  class space    used 8536K, committed 8768K, reserved 1048576K
}
Event: 185.045 GC heap before
{Heap before GC invocations=140 (full 0):
 garbage-first heap   total 73728K, used 62399K [0x00000000a2200000, 0x0000000100000000)
  region size 1024K, 31 young (31744K), 1 survivors (1024K)
 Metaspace       used 67994K, committed 68480K, reserved 1114112K
  class space    used 8536K, committed 8768K, reserved 1048576K
}
Event: 185.046 GC heap after
{Heap after GC invocations=141 (full 0):
 garbage-first heap   total 73728K, used 32661K [0x00000000a2200000, 0x0000000100000000)
  region size 1024K, 1 young (1024K), 1 survivors (1024K)
 Metaspace       used 67994K, committed 68480K, reserved 1114112K
  class space    used 8536K, committed 8768K, reserved 1048576K
}
Event: 185.873 GC heap before
{Heap before GC invocations=141 (full 0):
 garbage-first heap   total 73728K, used 63381K [0x00000000a2200000, 0x0000000100000000)
  region size 1024K, 31 young (31744K), 1 survivors (1024K)
 Metaspace       used 67994K, committed 68480K, reserved 1114112K
  class space    used 8536K, committed 8768K, reserved 1048576K
}
Event: 185.875 GC heap after
{Heap after GC invocations=142 (full 0):
 garbage-first heap   total 73728K, used 32731K [0x00000000a2200000, 0x0000000100000000)
  region size 1024K, 1 young (1024K), 1 survivors (1024K)
 Metaspace       used 67994K, committed 68480K, reserved 1114112K
  class space    used 8536K, committed 8768K, reserved 1048576K
}
Event: 186.777 GC heap before
{Heap before GC invocations=143 (full 0):
 garbage-first heap   total 73728K, used 63451K [0x00000000a2200000, 0x0000000100000000)
  region size 1024K, 31 young (31744K), 1 survivors (1024K)
 Metaspace       used 67994K, committed 68480K, reserved 1114112K
  class space    used 8536K, committed 8768K, reserved 1048576K
}
Event: 186.779 GC heap after
{Heap after GC invocations=144 (full 0):
 garbage-first heap   total 73728K, used 32596K [0x00000000a2200000, 0x0000000100000000)
  region size 1024K, 1 young (1024K), 1 survivors (1024K)
 Metaspace       used 67994K, committed 68480K, reserved 1114112K
  class space    used 8536K, committed 8768K, reserved 1048576K
}

Deoptimization events (20 events):
Event: 184.492 Thread 0x0000020fdb3e8d50 Uncommon trap: trap_request=0xffffffbe fr.pc=0x0000020fc66ea0a4 relative=0x00000000000004e4
Event: 184.492 Thread 0x0000020fdb3e8d50 Uncommon trap: reason=profile_predicate action=maybe_recompile pc=0x0000020fc66ea0a4 method=ch.qos.logback.classic.pattern.TargetLengthBasedClassNameAbbreviator.computeLengthArray(Ljava/lang/String;[I[II)V @ 18 c2
Event: 184.492 Thread 0x0000020fdb3e8d50 DEOPT PACKING pc=0x0000020fc66ea0a4 sp=0x00000066d97fbac0
Event: 184.492 Thread 0x0000020fdb3e8d50 DEOPT UNPACKING pc=0x0000020fbdf723a3 sp=0x00000066d97fb9b0 mode 2
Event: 186.503 Thread 0x0000020fd87b23b0 Uncommon trap: trap_request=0xffffffbe fr.pc=0x0000020fc66ef7f4 relative=0x0000000000000634
Event: 186.503 Thread 0x0000020fd87b23b0 Uncommon trap: reason=profile_predicate action=maybe_recompile pc=0x0000020fc66ef7f4 method=ch.qos.logback.classic.pattern.TargetLengthBasedClassNameAbbreviator.abbreviate(Ljava/lang/String;)Ljava/lang/String; @ 86 c2
Event: 186.503 Thread 0x0000020fd87b23b0 DEOPT PACKING pc=0x0000020fc66ef7f4 sp=0x00000066d92fbae0
Event: 186.503 Thread 0x0000020fd87b23b0 DEOPT UNPACKING pc=0x0000020fbdf723a3 sp=0x00000066d92fba78 mode 2
Event: 186.528 Thread 0x0000020fdb3e9220 Uncommon trap: trap_request=0xffffffbe fr.pc=0x0000020fc66ef7f4 relative=0x0000000000000634
Event: 186.528 Thread 0x0000020fdb3e9220 Uncommon trap: reason=profile_predicate action=maybe_recompile pc=0x0000020fc66ef7f4 method=ch.qos.logback.classic.pattern.TargetLengthBasedClassNameAbbreviator.abbreviate(Ljava/lang/String;)Ljava/lang/String; @ 86 c2
Event: 186.528 Thread 0x0000020fdb3e9220 DEOPT PACKING pc=0x0000020fc66ef7f4 sp=0x00000066d99fbb50
Event: 186.528 Thread 0x0000020fdb3e9220 DEOPT UNPACKING pc=0x0000020fbdf723a3 sp=0x00000066d99fbae8 mode 2
Event: 186.551 Thread 0x0000020fd87b06d0 Uncommon trap: trap_request=0xffffffbe fr.pc=0x0000020fc66ef7f4 relative=0x0000000000000634
Event: 186.551 Thread 0x0000020fd87b06d0 Uncommon trap: reason=profile_predicate action=maybe_recompile pc=0x0000020fc66ef7f4 method=ch.qos.logback.classic.pattern.TargetLengthBasedClassNameAbbreviator.abbreviate(Ljava/lang/String;)Ljava/lang/String; @ 86 c2
Event: 186.551 Thread 0x0000020fd87b06d0 DEOPT PACKING pc=0x0000020fc66ef7f4 sp=0x00000066d93fbc80
Event: 186.551 Thread 0x0000020fd87b06d0 DEOPT UNPACKING pc=0x0000020fbdf723a3 sp=0x00000066d93fbc18 mode 2
Event: 186.575 Thread 0x0000020fdb3eaa30 Uncommon trap: trap_request=0xffffffbe fr.pc=0x0000020fc66ef7f4 relative=0x0000000000000634
Event: 186.575 Thread 0x0000020fdb3eaa30 Uncommon trap: reason=profile_predicate action=maybe_recompile pc=0x0000020fc66ef7f4 method=ch.qos.logback.classic.pattern.TargetLengthBasedClassNameAbbreviator.abbreviate(Ljava/lang/String;)Ljava/lang/String; @ 86 c2
Event: 186.575 Thread 0x0000020fdb3eaa30 DEOPT PACKING pc=0x0000020fc66ef7f4 sp=0x00000066d98fbb30
Event: 186.575 Thread 0x0000020fdb3eaa30 DEOPT UNPACKING pc=0x0000020fbdf723a3 sp=0x00000066d98fbac8 mode 2

Classes unloaded (0 events):
No events

Classes redefined (0 events):
No events

Internal exceptions (20 events):
Event: 7.646 Thread 0x0000020fd66b5280 Exception <a 'java/lang/NoSuchMethodError'{0x00000000a54ef630}: 'int java.lang.invoke.DirectMethodHandle$Holder.invokeStaticInit(java.lang.Object, java.lang.Object, java.lang.Object, java.lang.Object)'> (0x00000000a54ef630) 
thrown [s\open\src\hotspot\share\interpreter\linkResolver.cpp, line 759]
Event: 7.673 Thread 0x0000020fd66b5280 Implicit null exception at 0x0000020fc5bea53a to 0x0000020fc5bea730
Event: 7.753 Thread 0x0000020fd66b5280 Exception <a 'java/lang/NoSuchMethodError'{0x00000000a4dd7720}: 'java.lang.Object java.lang.invoke.DirectMethodHandle$Holder.invokeSpecial(java.lang.Object, java.lang.Object, int, java.lang.Object, int, java.lang.Object)'> (0x00000000a4dd7720) 
thrown [s\open\src\hotspot\share\interpreter\linkResolver.cpp, line 759]
Event: 7.754 Thread 0x0000020fd66b5280 Exception <a 'java/lang/NoSuchMethodError'{0x00000000a4ddf7c8}: 'java.lang.Object java.lang.invoke.DirectMethodHandle$Holder.newInvokeSpecial(java.lang.Object, java.lang.Object, int, java.lang.Object, int)'> (0x00000000a4ddf7c8) 
thrown [s\open\src\hotspot\share\interpreter\linkResolver.cpp, line 759]
Event: 7.755 Thread 0x0000020fd66b5280 Exception <a 'java/lang/NoSuchMethodError'{0x00000000a4de38c8}: 'java.lang.Object java.lang.invoke.DirectMethodHandle$Holder.invokeSpecial(java.lang.Object, java.lang.Object, java.lang.Object, int, java.lang.Object, int)'> (0x00000000a4de38c8) 
thrown [s\open\src\hotspot\share\interpreter\linkResolver.cpp, line 759]
Event: 7.756 Thread 0x0000020fd66b5280 Exception <a 'java/lang/NoSuchMethodError'{0x00000000a4dee3c8}: 'void java.lang.invoke.DirectMethodHandle$Holder.invokeVirtual(java.lang.Object, java.lang.Object)'> (0x00000000a4dee3c8) 
thrown [s\open\src\hotspot\share\interpreter\linkResolver.cpp, line 759]
Event: 101.005 Thread 0x0000020fd87b2d50 Implicit null exception at 0x0000020fc5faa9da to 0x0000020fc5fab628
Event: 101.550 Thread 0x0000020fd87b2d50 Exception <a 'java/lang/NoSuchMethodError'{0x00000000a5442d80}: 'java.lang.Object java.lang.invoke.DirectMethodHandle$Holder.invokeStaticInit(java.lang.Object, java.lang.Object, java.lang.Object, java.lang.Object, java.lang.Object, java.lang.Object)'> (0x00000000a5442d80) 
thrown [s\open\src\hotspot\share\interpreter\linkResolver.cpp, line 759]
Event: 101.752 Thread 0x0000020fd87b2d50 Exception <a 'sun/nio/fs/WindowsException'{0x00000000a52f2288}> (0x00000000a52f2288) 
thrown [s\open\src\hotspot\share\prims\jni.cpp, line 516]
Event: 102.184 Thread 0x0000020fd87b23b0 Exception <a 'java/lang/NoSuchMethodError'{0x00000000a4df7328}: 'java.lang.Object java.lang.invoke.DirectMethodHandle$Holder.invokeInterface(java.lang.Object, java.lang.Object, java.lang.Object, java.lang.Object)'> (0x00000000a4df7328) 
thrown [s\open\src\hotspot\share\interpreter\linkResolver.cpp, line 759]
Event: 104.310 Thread 0x0000020fdb3eaa30 Exception <a 'java/lang/ClassNotFoundException'{0x00000000a69a90c0}: com/project/appointment_schedule_management/Interface/InterScheduleCustomizer> (0x00000000a69a90c0) 
thrown [s\open\src\hotspot\share\classfile\systemDictionary.cpp, line 256]
Event: 113.561 Thread 0x0000020fdb3eaa30 Exception <a 'java/lang/ClassNotFoundException'{0x00000000a65ae920}: com/project/appointment_schedule_management/Interface/UserProfileCustomizer> (0x00000000a65ae920) 
thrown [s\open\src\hotspot\share\classfile\systemDictionary.cpp, line 256]
Event: 122.726 Thread 0x0000020fd87b2d50 Implicit null exception at 0x0000020fc601d5fd to 0x0000020fc601dacc
Event: 122.761 Thread 0x0000020fdb3e8d50 Implicit null exception at 0x0000020fc601ff9b to 0x0000020fc6020472
Event: 123.939 Thread 0x0000020fd87b1ee0 Implicit null exception at 0x0000020fc606491f to 0x0000020fc606a250
Event: 123.939 Thread 0x0000020fd87b1ee0 Implicit null exception at 0x0000020fc606f262 to 0x0000020fc606f8c8
Event: 123.969 Thread 0x0000020fd87b23b0 Implicit null exception at 0x0000020fc6070093 to 0x0000020fc6070570
Event: 124.696 Thread 0x0000020fdb3ea090 Implicit null exception at 0x0000020fc6017e36 to 0x0000020fc6017e9c
Event: 163.887 Thread 0x0000020fd87b2d50 Implicit null exception at 0x0000020fc5c7c96d to 0x0000020fc5c7e034
Event: 176.737 Thread 0x0000020fd87b06d0 Implicit null exception at 0x0000020fc664c04f to 0x0000020fc664c0dc

VM Operations (20 events):
Event: 182.827 Executing VM operation: G1CollectForAllocation
Event: 182.829 Executing VM operation: G1CollectForAllocation done
Event: 183.677 Executing VM operation: G1CollectForAllocation
Event: 183.679 Executing VM operation: G1CollectForAllocation done
Event: 183.705 Executing VM operation: G1Concurrent
Event: 183.710 Executing VM operation: G1Concurrent done
Event: 183.720 Executing VM operation: G1Concurrent
Event: 183.720 Executing VM operation: G1Concurrent done
Event: 184.724 Executing VM operation: Cleanup
Event: 184.724 Executing VM operation: Cleanup done
Event: 185.045 Executing VM operation: G1CollectForAllocation
Event: 185.046 Executing VM operation: G1CollectForAllocation done
Event: 185.873 Executing VM operation: G1CollectForAllocation
Event: 185.875 Executing VM operation: G1CollectForAllocation done
Event: 185.903 Executing VM operation: G1Concurrent
Event: 185.910 Executing VM operation: G1Concurrent done
Event: 185.921 Executing VM operation: G1Concurrent
Event: 185.922 Executing VM operation: G1Concurrent done
Event: 186.777 Executing VM operation: G1CollectForAllocation
Event: 186.779 Executing VM operation: G1CollectForAllocation done

Events (20 events):
Event: 164.021 Thread 0x0000020fd44ab760 flushing nmethod 0x0000020fbfdef710
Event: 164.021 Thread 0x0000020fd44ab760 flushing nmethod 0x0000020fbfe04390
Event: 164.021 Thread 0x0000020fd44ab760 flushing nmethod 0x0000020fbfe27810
Event: 164.021 Thread 0x0000020fd44ab760 flushing nmethod 0x0000020fbfe2ae10
Event: 164.021 Thread 0x0000020fd44ab760 flushing nmethod 0x0000020fbfe2d590
Event: 164.021 Thread 0x0000020fd44ab760 flushing nmethod 0x0000020fbfe2ff10
Event: 164.021 Thread 0x0000020fd44ab760 flushing nmethod 0x0000020fbfe32990
Event: 164.021 Thread 0x0000020fd44ab760 flushing nmethod 0x0000020fbfe3c110
Event: 164.021 Thread 0x0000020fd44ab760 flushing nmethod 0x0000020fbfe3f010
Event: 164.022 Thread 0x0000020fd44ab760 flushing nmethod 0x0000020fbfe8d390
Event: 172.600 Thread 0x0000020fd8440490 Thread added: 0x0000020fd8440490
Event: 173.434 Thread 0x0000020fd8440490 Thread exited: 0x0000020fd8440490
Event: 179.188 Thread 0x0000020fd44ab760 flushing nmethod 0x0000020fc5c70890
Event: 179.188 Thread 0x0000020fd44ab760 flushing nmethod 0x0000020fc5c7a410
Event: 179.203 Thread 0x0000020fd44ab760 flushing nmethod 0x0000020fbefbac90
Event: 179.213 Thread 0x0000020fd44ab760 flushing nmethod 0x0000020fbfdab490
Event: 179.213 Thread 0x0000020fd44ab760 flushing nmethod 0x0000020fbfdac390
Event: 179.213 Thread 0x0000020fd44ab760 flushing nmethod 0x0000020fbfdd0310
Event: 179.213 Thread 0x0000020fd44ab760 flushing nmethod 0x0000020fbfe30390
Event: 179.213 Thread 0x0000020fd44ab760 flushing nmethod 0x0000020fbfe3a690


Dynamic libraries:
0x00007ff658e60000 - 0x00007ff658e70000 	C:\Program Files\Java\jdk-17.0.5\bin\java.exe
0x00007fff90980000 - 0x00007fff90b89000 	C:\Windows\SYSTEM32\ntdll.dll
0x00007fff8ec70000 - 0x00007fff8ed2e000 	C:\Windows\System32\KERNEL32.DLL
0x00007fff8e020000 - 0x00007fff8e39b000 	C:\Windows\System32\KERNELBASE.dll
0x00007fff8e4f0000 - 0x00007fff8e601000 	C:\Windows\System32\ucrtbase.dll
0x00007fff5b9c0000 - 0x00007fff5b9d8000 	C:\Program Files\Java\jdk-17.0.5\bin\jli.dll
0x00007fff58560000 - 0x00007fff5857a000 	C:\Program Files\Java\jdk-17.0.5\bin\VCRUNTIME140.dll
0x00007fff8e920000 - 0x00007fff8e9ce000 	C:\Windows\System32\ADVAPI32.dll
0x00007fff8fa90000 - 0x00007fff8fb33000 	C:\Windows\System32\msvcrt.dll
0x00007fff8f9f0000 - 0x00007fff8fa8e000 	C:\Windows\System32\sechost.dll
0x00007fff8e800000 - 0x00007fff8e920000 	C:\Windows\System32\RPCRT4.dll
0x00007fff8e9d0000 - 0x00007fff8eb7d000 	C:\Windows\System32\USER32.dll
0x00007fff6d290000 - 0x00007fff6d535000 	C:\Windows\WinSxS\amd64_microsoft.windows.common-controls_6595b64144ccf1df_6.0.22000.120_none_9d947278b86cc467\COMCTL32.dll
0x00007fff8e4c0000 - 0x00007fff8e4e6000 	C:\Windows\System32\win32u.dll
0x00007fff90180000 - 0x00007fff901a9000 	C:\Windows\System32\GDI32.dll
0x00007fff8e3a0000 - 0x00007fff8e4b8000 	C:\Windows\System32\gdi32full.dll
0x00007fff8de50000 - 0x00007fff8deed000 	C:\Windows\System32\msvcp_win.dll
0x00007fff84670000 - 0x00007fff8467a000 	C:\Windows\SYSTEM32\VERSION.dll
0x00007fff8fb40000 - 0x00007fff8fb72000 	C:\Windows\System32\IMM32.DLL
0x00007fff76ad0000 - 0x00007fff76adc000 	C:\Program Files\Java\jdk-17.0.5\bin\vcruntime140_1.dll
0x00007fff57330000 - 0x00007fff573bd000 	C:\Program Files\Java\jdk-17.0.5\bin\msvcp140.dll
0x00007fff3b7b0000 - 0x00007fff3c372000 	C:\Program Files\Java\jdk-17.0.5\bin\server\jvm.dll
0x00007fff8ffb0000 - 0x00007fff8ffb8000 	C:\Windows\System32\PSAPI.DLL
0x00007fff8b8f0000 - 0x00007fff8b923000 	C:\Windows\SYSTEM32\WINMM.dll
0x00007fff62640000 - 0x00007fff62649000 	C:\Windows\SYSTEM32\WSOCK32.dll
0x00007fff907b0000 - 0x00007fff9081f000 	C:\Windows\System32\WS2_32.dll
0x00007fff8ceb0000 - 0x00007fff8cec8000 	C:\Windows\SYSTEM32\kernel.appcore.dll
0x00007fff741b0000 - 0x00007fff741ba000 	C:\Program Files\Java\jdk-17.0.5\bin\jimage.dll
0x00007fff8b660000 - 0x00007fff8b881000 	C:\Windows\SYSTEM32\DBGHELP.DLL
0x00007fff8b890000 - 0x00007fff8b8c1000 	C:\Windows\SYSTEM32\dbgcore.DLL
0x00007fff8e780000 - 0x00007fff8e7ff000 	C:\Windows\System32\bcryptPrimitives.dll
0x00007fff57420000 - 0x00007fff57445000 	C:\Program Files\Java\jdk-17.0.5\bin\java.dll
0x00007fff4b5c0000 - 0x00007fff4b696000 	C:\Program Files\Java\jdk-17.0.5\bin\jsvml.dll
0x00007fff8ed30000 - 0x00007fff8f4e7000 	C:\Windows\System32\SHELL32.dll
0x00007fff8bf10000 - 0x00007fff8c775000 	C:\Windows\SYSTEM32\windows.storage.dll
0x00007fff8fb80000 - 0x00007fff8fef8000 	C:\Windows\System32\combase.dll
0x00007fff8bda0000 - 0x00007fff8bf06000 	C:\Windows\SYSTEM32\wintypes.dll
0x00007fff8eb80000 - 0x00007fff8ec6a000 	C:\Windows\System32\SHCORE.dll
0x00007fff90030000 - 0x00007fff9008d000 	C:\Windows\System32\shlwapi.dll
0x00007fff8dd80000 - 0x00007fff8dda1000 	C:\Windows\SYSTEM32\profapi.dll
0x00007fff57400000 - 0x00007fff57419000 	C:\Program Files\Java\jdk-17.0.5\bin\net.dll
0x00007fff86e70000 - 0x00007fff86f84000 	C:\Windows\SYSTEM32\WINHTTP.dll
0x00007fff8d370000 - 0x00007fff8d3d7000 	C:\Windows\system32\mswsock.dll
0x00007fff56cf0000 - 0x00007fff56d06000 	C:\Program Files\Java\jdk-17.0.5\bin\nio.dll
0x00007fff56c20000 - 0x00007fff56c38000 	C:\Program Files\Java\jdk-17.0.5\bin\zip.dll
0x00007fff73790000 - 0x00007fff737a0000 	C:\Program Files\Java\jdk-17.0.5\bin\verify.dll
0x00007fff6aa60000 - 0x00007fff6aa69000 	C:\Program Files\Java\jdk-17.0.5\bin\management.dll
0x00007fff679c0000 - 0x00007fff679cb000 	C:\Program Files\Java\jdk-17.0.5\bin\management_ext.dll
0x00007fff69880000 - 0x00007fff69897000 	C:\Windows\system32\napinsp.dll
0x00007fff69860000 - 0x00007fff6987b000 	C:\Windows\system32\pnrpnsp.dll
0x00007fff8ca00000 - 0x00007fff8cae8000 	C:\Windows\SYSTEM32\DNSAPI.dll
0x00007fff8c9d0000 - 0x00007fff8c9fd000 	C:\Windows\SYSTEM32\IPHLPAPI.DLL
0x00007fff8ff20000 - 0x00007fff8ff29000 	C:\Windows\System32\NSI.dll
0x00007fff69840000 - 0x00007fff69852000 	C:\Windows\System32\winrnr.dll
0x00007fff86250000 - 0x00007fff86265000 	C:\Windows\system32\wshbth.dll
0x00007fff69820000 - 0x00007fff6983f000 	C:\Windows\system32\nlansp_c.dll
0x00007fff7f6e0000 - 0x00007fff7f6ea000 	C:\Windows\System32\rasadhlp.dll
0x00007fff854d0000 - 0x00007fff85551000 	C:\Windows\System32\fwpuclnt.dll
0x00007fff8d5b0000 - 0x00007fff8d5c8000 	C:\Windows\SYSTEM32\CRYPTSP.dll
0x00007fff8ce10000 - 0x00007fff8ce45000 	C:\Windows\system32\rsaenh.dll
0x00007fff8d460000 - 0x00007fff8d489000 	C:\Windows\SYSTEM32\USERENV.dll
0x00007fff8d7b0000 - 0x00007fff8d7d7000 	C:\Windows\SYSTEM32\bcrypt.dll
0x00007fff8d770000 - 0x00007fff8d77c000 	C:\Windows\SYSTEM32\CRYPTBASE.dll
0x00007fff86e00000 - 0x00007fff86e19000 	C:\Windows\SYSTEM32\dhcpcsvc6.DLL
0x00007fff887c0000 - 0x00007fff887de000 	C:\Windows\SYSTEM32\dhcpcsvc.DLL
0x00007fff66350000 - 0x00007fff6635e000 	C:\Program Files\Java\jdk-17.0.5\bin\sunmscapi.dll
0x00007fff8e610000 - 0x00007fff8e772000 	C:\Windows\System32\CRYPT32.dll
0x00007fff8d780000 - 0x00007fff8d7a8000 	C:\Windows\SYSTEM32\ncrypt.dll
0x00007fff8d730000 - 0x00007fff8d767000 	C:\Windows\SYSTEM32\NTASN1.dll
0x00007fff886b0000 - 0x00007fff886b8000 	C:\Windows\system32\wshunix.dll

dbghelp: loaded successfully - version: 4.0.5 - missing functions: none
symbol engine: initialized successfully - sym options: 0x614 - pdb path: .;C:\Program Files\Java\jdk-17.0.5\bin;C:\Windows\SYSTEM32;C:\Windows\WinSxS\amd64_microsoft.windows.common-controls_6595b64144ccf1df_6.0.22000.120_none_9d947278b86cc467;C:\Program Files\Java\jdk-17.0.5\bin\server

VM Arguments:
jvm_args: -XX:+ShowCodeDetailsInExceptionMessages 
java_command: com.project.appointment_schedule_management.AppointmentScheduleManagementApplication
java_class_path (initial): D:\AuditedDejavu\23-01-2023(PM)\Final-Appointment-schedule-Backend\target\classes;C:\Users\Lenovo\.m2\repository\org\springframework\boot\spring-boot-starter-web\2.7.6\spring-boot-starter-web-2.7.6.jar;C:\Users\Lenovo\.m2\repository\org\springframework\boot\spring-boot-starter\2.7.6\spring-boot-starter-2.7.6.jar;C:\Users\Lenovo\.m2\repository\org\springframework\boot\spring-boot-starter-logging\2.7.6\spring-boot-starter-logging-2.7.6.jar;C:\Users\Lenovo\.m2\repository\ch\qos\logback\logback-classic\1.2.11\logback-classic-1.2.11.jar;C:\Users\Lenovo\.m2\repository\ch\qos\logback\logback-core\1.2.11\logback-core-1.2.11.jar;C:\Users\Lenovo\.m2\repository\org\apache\logging\log4j\log4j-to-slf4j\2.17.2\log4j-to-slf4j-2.17.2.jar;C:\Users\Lenovo\.m2\repository\org\apache\logging\log4j\log4j-api\2.17.2\log4j-api-2.17.2.jar;C:\Users\Lenovo\.m2\repository\org\slf4j\jul-to-slf4j\1.7.36\jul-to-slf4j-1.7.36.jar;C:\Users\Lenovo\.m2\repository\org\yaml\snakeyaml\1.30\snakeyaml-1.30.jar;C:\Users\Lenovo\.m2\repository\org\springframework\boot\spring-boot-starter-json\2.7.6\spring-boot-starter-json-2.7.6.jar;C:\Users\Lenovo\.m2\repository\com\fasterxml\jackson\datatype\jackson-datatype-jdk8\2.13.4\jackson-datatype-jdk8-2.13.4.jar;C:\Users\Lenovo\.m2\repository\com\fasterxml\jackson\datatype\jackson-datatype-jsr310\2.13.4\jackson-datatype-jsr310-2.13.4.jar;C:\Users\Lenovo\.m2\repository\com\fasterxml\jackson\module\jackson-module-parameter-names\2.13.4\jackson-module-parameter-names-2.13.4.jar;C:\Users\Lenovo\.m2\repository\org\springframework\spring-web\5.3.24\spring-web-5.3.24.jar;C:\Users\Lenovo\.m2\repository\org\springframework\spring-beans\5.3.24\spring-beans-5.3.24.jar;C:\Users\Lenovo\.m2\repository\org\springframework\spring-webmvc\5.3.24\spring-webmvc-5.3.24.jar;C:\Users\Lenovo\.m2\repository\org\springframework\spring-context\5.3.24\spring-context-5.3.24.jar;C:\Users\Lenovo\.m2\repository\org\springframework\spring-expression\5.3.24\spring-express
Launcher Type: SUN_STANDARD

[Global flags]
     intx CICompilerCount                          = 12                                        {product} {ergonomic}
     uint ConcGCThreads                            = 3                                         {product} {ergonomic}
     uint G1ConcRefinementThreads                  = 13                                        {product} {ergonomic}
   size_t G1HeapRegionSize                         = 1048576                                   {product} {ergonomic}
    uintx GCDrainStackTargetSize                   = 64                                        {product} {ergonomic}
   size_t InitialHeapSize                          = 98566144                                  {product} {ergonomic}
   size_t MarkStackSize                            = 4194304                                   {product} {ergonomic}
   size_t MaxHeapSize                              = 1574961152                                {product} {ergonomic}
   size_t MaxNewSize                               = 944766976                                 {product} {ergonomic}
   size_t MinHeapDeltaBytes                        = 1048576                                   {product} {ergonomic}
   size_t MinHeapSize                              = 8388608                                   {product} {ergonomic}
    uintx NonNMethodCodeHeapSize                   = 7602480                                {pd product} {ergonomic}
    uintx NonProfiledCodeHeapSize                  = 122027880                              {pd product} {ergonomic}
    uintx ProfiledCodeHeapSize                     = 122027880                              {pd product} {ergonomic}
    uintx ReservedCodeCacheSize                    = 251658240                              {pd product} {ergonomic}
     bool SegmentedCodeCache                       = true                                      {product} {ergonomic}
     bool ShowCodeDetailsInExceptionMessages       = true                                   {manageable} {command line}
   size_t SoftMaxHeapSize                          = 1574961152                             {manageable} {ergonomic}
     bool UseCompressedClassPointers               = true                           {product lp64_product} {ergonomic}
     bool UseCompressedOops                        = true                           {product lp64_product} {ergonomic}
     bool UseG1GC                                  = true                                      {product} {ergonomic}
     bool UseLargePagesIndividualAllocation        = false                                  {pd product} {ergonomic}

Logging:
Log output configuration:
 #0: stdout all=warning uptime,level,tags
 #1: stderr all=off uptime,level,tags

Environment Variables:
JAVA_HOME=C:\Program Files\Java\jdk-17.0.5
PATH=C:\Windows\system32;C:\Windows;C:\Windows\System32\Wbem;C:\Windows\System32\WindowsPowerShell\v1.0\;C:\Windows\System32\OpenSSH\;C:\Program Files\Cloudflare\Cloudflare WARP\;C:\Program Files\nodejs\;C:\Program Files\Maven\apache-maven-3.8.6\bin;C:\Program Files\Java\jdk-17.0.5\bin;C:\Program Files\MySQL\mysql-8.0.31-winx64\bin;C:\Program Files\Git\cmd;C:\Program Files\Docker\Docker\resources\bin;C:\Users\Lenovo\AppData\Local\Microsoft\WindowsApps;;C:\Users\Lenovo\AppData\Local\Programs\Microsoft VS Code\bin;C:\Users\Lenovo\AppData\Roaming\npm
USERNAME=Lenovo
LANG=en_US.UTF-8
OS=Windows_NT
PROCESSOR_IDENTIFIER=AMD64 Family 23 Model 104 Stepping 1, AuthenticAMD



---------------  S Y S T E M  ---------------

OS:
 Windows 11 , 64 bit Build 22000 (10.0.22000.1335)
OS uptime: 3 days 20:55 hours
Hyper-V role detected

CPU: total 16 (initial active 16) (16 cores per cpu, 2 threads per core) family 23 model 104 stepping 1 microcode 0x0, cx8, cmov, fxsr, ht, mmx, 3dnowpref, sse, sse2, sse3, ssse3, sse4a, sse4.1, sse4.2, popcnt, lzcnt, tsc, tscinvbit, avx, avx2, aes, clmul, bmi1, bmi2, adx, sha, fma, vzeroupper, clflush, clflushopt, hv

Memory: 4k page, system-wide physical 6005M (94M free)
TotalPageFile size 24437M (AvailPageFile size 0M)
current process WorkingSet (physical memory assigned to process): 216M, peak: 266M
current process commit charge ("private bytes"): 339M, peak: 353M

vm_info: Java HotSpot(TM) 64-Bit Server VM (17.0.5+9-LTS-191) for windows-amd64 JRE (17.0.5+9-LTS-191), built on Sep 13 2022 17:31:43 by "mach5one" with MS VC++ 16.8 / 16.9 (VS2019)

END.
